2019/06/16-16:42 [restartedMain]INFO  com.example.demo.Application- Starting Application on DESKTOP-CF6I9O1 with PID 732 (D:\myProject\STSProject\com.person.mystudy\target\classes started by Admin in D:\myProject\STSProject\com.person.mystudy)
2019/06/16-16:42 [restartedMain]INFO  com.example.demo.Application- No active profile set, falling back to default profiles: default
2019/06/16-16:42 [restartedMain]INFO  o.s.b.d.e.DevToolsPropertyDefaultsPostProcessor- Devtools property defaults active! Set 'spring.devtools.add-properties' to 'false' to disable
2019/06/16-16:42 [restartedMain]INFO  o.s.b.d.e.DevToolsPropertyDefaultsPostProcessor- For additional web related logging consider setting the 'logging.level.web' property to 'DEBUG'
2019/06/16-16:42 [restartedMain]INFO  o.s.b.w.e.tomcat.TomcatWebServer- Tomcat initialized with port(s): 80 (http)
2019/06/16-16:42 [restartedMain]INFO  o.a.catalina.core.StandardService- Starting service [Tomcat]
2019/06/16-16:42 [restartedMain]INFO  o.a.catalina.core.StandardEngine- Starting Servlet engine: [Apache Tomcat/9.0.17]
2019/06/16-16:42 [restartedMain]INFO  o.a.c.c.C.[Tomcat].[localhost].[/]- Initializing Spring embedded WebApplicationContext
2019/06/16-16:42 [restartedMain]INFO  o.s.web.context.ContextLoader- Root WebApplicationContext: initialization completed in 2269 ms
2019/06/16-16:42 [restartedMain]INFO  com.zaxxer.hikari.HikariDataSource- HikariPool-1 - Starting...
2019/06/16-16:42 [restartedMain]INFO  com.zaxxer.hikari.HikariDataSource- HikariPool-1 - Start completed.
2019/06/16-16:42 [restartedMain]INFO  o.s.s.c.ThreadPoolTaskExecutor- Initializing ExecutorService 'applicationTaskExecutor'
2019/06/16-16:42 [restartedMain]INFO  o.s.b.d.a.OptionalLiveReloadServer- LiveReload server is running on port 35729
2019/06/16-16:42 [restartedMain]INFO  o.s.b.w.e.tomcat.TomcatWebServer- Tomcat started on port(s): 80 (http) with context path ''
2019/06/16-16:42 [restartedMain]INFO  com.example.demo.Application- Started Application in 5.496 seconds (JVM running for 7.461)
2019/06/16-16:43 [http-nio-80-exec-1]INFO  o.a.c.c.C.[Tomcat].[localhost].[/]- Initializing Spring DispatcherServlet 'dispatcherServlet'
2019/06/16-16:43 [http-nio-80-exec-1]INFO  o.s.web.servlet.DispatcherServlet- Initializing Servlet 'dispatcherServlet'
2019/06/16-16:43 [http-nio-80-exec-1]INFO  o.s.web.servlet.DispatcherServlet- Completed initialization in 21 ms
2019/06/16-16:44 [Thread-7]INFO  o.s.s.c.ThreadPoolTaskExecutor- Shutting down ExecutorService 'applicationTaskExecutor'
2019/06/16-16:44 [Thread-7]INFO  com.zaxxer.hikari.HikariDataSource- HikariPool-1 - Shutdown initiated...
2019/06/16-16:44 [Thread-7]INFO  com.zaxxer.hikari.HikariDataSource- HikariPool-1 - Shutdown completed.
2019/06/16-16:44 [restartedMain]INFO  com.example.demo.Application- Starting Application on DESKTOP-CF6I9O1 with PID 732 (D:\myProject\STSProject\com.person.mystudy\target\classes started by Admin in D:\myProject\STSProject\com.person.mystudy)
2019/06/16-16:44 [restartedMain]INFO  com.example.demo.Application- No active profile set, falling back to default profiles: default
2019/06/16-16:44 [restartedMain]INFO  o.s.b.w.e.tomcat.TomcatWebServer- Tomcat initialized with port(s): 80 (http)
2019/06/16-16:44 [restartedMain]INFO  o.a.catalina.core.StandardService- Starting service [Tomcat]
2019/06/16-16:44 [restartedMain]INFO  o.a.catalina.core.StandardEngine- Starting Servlet engine: [Apache Tomcat/9.0.17]
2019/06/16-16:44 [restartedMain]INFO  o.a.c.c.C.[Tomcat].[localhost].[/]- Initializing Spring embedded WebApplicationContext
2019/06/16-16:44 [restartedMain]INFO  o.s.web.context.ContextLoader- Root WebApplicationContext: initialization completed in 711 ms
2019/06/16-16:44 [restartedMain]INFO  com.zaxxer.hikari.HikariDataSource- HikariPool-2 - Starting...
2019/06/16-16:44 [restartedMain]INFO  com.zaxxer.hikari.HikariDataSource- HikariPool-2 - Start completed.
2019/06/16-16:44 [restartedMain]INFO  o.s.s.c.ThreadPoolTaskExecutor- Initializing ExecutorService 'applicationTaskExecutor'
2019/06/16-16:44 [restartedMain]INFO  o.s.b.d.a.OptionalLiveReloadServer- LiveReload server is running on port 35729
2019/06/16-16:44 [restartedMain]INFO  o.s.b.w.e.tomcat.TomcatWebServer- Tomcat started on port(s): 80 (http) with context path ''
2019/06/16-16:44 [restartedMain]INFO  com.example.demo.Application- Started Application in 1.219 seconds (JVM running for 152.218)
2019/06/16-16:44 [restartedMain]INFO  o.s.b.d.a.ConditionEvaluationDeltaLoggingListener- Condition evaluation unchanged
2019/06/16-16:46 [Thread-15]INFO  o.s.s.c.ThreadPoolTaskExecutor- Shutting down ExecutorService 'applicationTaskExecutor'
2019/06/16-16:46 [Thread-15]INFO  com.zaxxer.hikari.HikariDataSource- HikariPool-2 - Shutdown initiated...
2019/06/16-16:46 [Thread-15]INFO  com.zaxxer.hikari.HikariDataSource- HikariPool-2 - Shutdown completed.
2019/06/16-16:46 [restartedMain]INFO  com.example.demo.Application- Starting Application on DESKTOP-CF6I9O1 with PID 732 (D:\myProject\STSProject\com.person.mystudy\target\classes started by Admin in D:\myProject\STSProject\com.person.mystudy)
2019/06/16-16:46 [restartedMain]INFO  com.example.demo.Application- No active profile set, falling back to default profiles: default
2019/06/16-16:46 [restartedMain]INFO  o.s.b.w.e.tomcat.TomcatWebServer- Tomcat initialized with port(s): 80 (http)
2019/06/16-16:46 [restartedMain]INFO  o.a.catalina.core.StandardService- Starting service [Tomcat]
2019/06/16-16:46 [restartedMain]INFO  o.a.catalina.core.StandardEngine- Starting Servlet engine: [Apache Tomcat/9.0.17]
2019/06/16-16:46 [restartedMain]INFO  o.a.c.c.C.[Tomcat].[localhost].[/]- Initializing Spring embedded WebApplicationContext
2019/06/16-16:46 [restartedMain]INFO  o.s.web.context.ContextLoader- Root WebApplicationContext: initialization completed in 546 ms
2019/06/16-16:46 [restartedMain]INFO  com.zaxxer.hikari.HikariDataSource- HikariPool-3 - Starting...
2019/06/16-16:46 [restartedMain]INFO  com.zaxxer.hikari.HikariDataSource- HikariPool-3 - Start completed.
2019/06/16-16:46 [restartedMain]INFO  o.s.s.c.ThreadPoolTaskExecutor- Initializing ExecutorService 'applicationTaskExecutor'
2019/06/16-16:46 [restartedMain]INFO  o.s.b.d.a.OptionalLiveReloadServer- LiveReload server is running on port 35729
2019/06/16-16:46 [restartedMain]INFO  o.s.b.w.e.tomcat.TomcatWebServer- Tomcat started on port(s): 80 (http) with context path ''
2019/06/16-16:46 [restartedMain]INFO  com.example.demo.Application- Started Application in 0.972 seconds (JVM running for 237.059)
2019/06/16-16:46 [restartedMain]INFO  o.s.b.d.a.ConditionEvaluationDeltaLoggingListener- Condition evaluation unchanged
2019/06/16-16:46 [http-nio-80-exec-1]INFO  o.a.c.c.C.[Tomcat].[localhost].[/]- Initializing Spring DispatcherServlet 'dispatcherServlet'
2019/06/16-16:46 [http-nio-80-exec-1]INFO  o.s.web.servlet.DispatcherServlet- Initializing Servlet 'dispatcherServlet'
2019/06/16-16:46 [http-nio-80-exec-1]INFO  o.s.web.servlet.DispatcherServlet- Completed initialization in 7 ms
2019/06/16-16:47 [Thread-23]INFO  o.s.s.c.ThreadPoolTaskExecutor- Shutting down ExecutorService 'applicationTaskExecutor'
2019/06/16-16:47 [Thread-23]INFO  com.zaxxer.hikari.HikariDataSource- HikariPool-3 - Shutdown initiated...
2019/06/16-16:47 [Thread-23]INFO  com.zaxxer.hikari.HikariDataSource- HikariPool-3 - Shutdown completed.
2019/06/16-16:47 [restartedMain]INFO  com.example.demo.Application- Starting Application on DESKTOP-CF6I9O1 with PID 732 (D:\myProject\STSProject\com.person.mystudy\target\classes started by Admin in D:\myProject\STSProject\com.person.mystudy)
2019/06/16-16:47 [restartedMain]INFO  com.example.demo.Application- No active profile set, falling back to default profiles: default
2019/06/16-16:47 [restartedMain]INFO  o.s.b.w.e.tomcat.TomcatWebServer- Tomcat initialized with port(s): 80 (http)
2019/06/16-16:47 [restartedMain]INFO  o.a.catalina.core.StandardService- Starting service [Tomcat]
2019/06/16-16:47 [restartedMain]INFO  o.a.catalina.core.StandardEngine- Starting Servlet engine: [Apache Tomcat/9.0.17]
2019/06/16-16:47 [restartedMain]INFO  o.a.c.c.C.[Tomcat].[localhost].[/]- Initializing Spring embedded WebApplicationContext
2019/06/16-16:47 [restartedMain]INFO  o.s.web.context.ContextLoader- Root WebApplicationContext: initialization completed in 506 ms
2019/06/16-16:47 [restartedMain]INFO  com.zaxxer.hikari.HikariDataSource- HikariPool-4 - Starting...
2019/06/16-16:47 [restartedMain]INFO  com.zaxxer.hikari.HikariDataSource- HikariPool-4 - Start completed.
2019/06/16-16:47 [restartedMain]INFO  o.s.s.c.ThreadPoolTaskExecutor- Initializing ExecutorService 'applicationTaskExecutor'
2019/06/16-16:47 [restartedMain]INFO  o.s.b.d.a.OptionalLiveReloadServer- LiveReload server is running on port 35729
2019/06/16-16:47 [restartedMain]INFO  o.s.b.w.e.tomcat.TomcatWebServer- Tomcat started on port(s): 80 (http) with context path ''
2019/06/16-16:47 [restartedMain]INFO  com.example.demo.Application- Started Application in 0.859 seconds (JVM running for 306.053)
2019/06/16-16:47 [restartedMain]INFO  o.s.b.d.a.ConditionEvaluationDeltaLoggingListener- Condition evaluation unchanged
2019/06/16-16:47 [http-nio-80-exec-3]INFO  o.a.c.c.C.[Tomcat].[localhost].[/]- Initializing Spring DispatcherServlet 'dispatcherServlet'
2019/06/16-16:47 [http-nio-80-exec-3]INFO  o.s.web.servlet.DispatcherServlet- Initializing Servlet 'dispatcherServlet'
2019/06/16-16:47 [http-nio-80-exec-3]INFO  o.s.web.servlet.DispatcherServlet- Completed initialization in 7 ms
2019/06/16-16:47 [http-nio-80-exec-4]WARN  o.s.web.servlet.PageNotFound- No mapping for GET /chat/
2019/06/16-16:48 [Thread-31]INFO  o.s.s.c.ThreadPoolTaskExecutor- Shutting down ExecutorService 'applicationTaskExecutor'
2019/06/16-16:48 [Thread-31]INFO  com.zaxxer.hikari.HikariDataSource- HikariPool-4 - Shutdown initiated...
2019/06/16-16:48 [Thread-31]INFO  com.zaxxer.hikari.HikariDataSource- HikariPool-4 - Shutdown completed.
2019/06/16-16:48 [restartedMain]INFO  com.example.demo.Application- Starting Application on DESKTOP-CF6I9O1 with PID 732 (D:\myProject\STSProject\com.person.mystudy\target\classes started by Admin in D:\myProject\STSProject\com.person.mystudy)
2019/06/16-16:48 [restartedMain]INFO  com.example.demo.Application- No active profile set, falling back to default profiles: default
2019/06/16-16:48 [restartedMain]INFO  o.s.b.w.e.tomcat.TomcatWebServer- Tomcat initialized with port(s): 80 (http)
2019/06/16-16:48 [restartedMain]INFO  o.a.catalina.core.StandardService- Starting service [Tomcat]
2019/06/16-16:48 [restartedMain]INFO  o.a.catalina.core.StandardEngine- Starting Servlet engine: [Apache Tomcat/9.0.17]
2019/06/16-16:48 [restartedMain]INFO  o.a.c.c.C.[Tomcat].[localhost].[/]- Initializing Spring embedded WebApplicationContext
2019/06/16-16:48 [restartedMain]INFO  o.s.web.context.ContextLoader- Root WebApplicationContext: initialization completed in 689 ms
2019/06/16-16:48 [restartedMain]INFO  com.zaxxer.hikari.HikariDataSource- HikariPool-5 - Starting...
2019/06/16-16:48 [restartedMain]INFO  com.zaxxer.hikari.HikariDataSource- HikariPool-5 - Start completed.
2019/06/16-16:48 [restartedMain]INFO  o.s.s.c.ThreadPoolTaskExecutor- Initializing ExecutorService 'applicationTaskExecutor'
2019/06/16-16:48 [restartedMain]INFO  o.s.b.d.a.OptionalLiveReloadServer- LiveReload server is running on port 35729
2019/06/16-16:48 [restartedMain]INFO  o.s.b.w.e.tomcat.TomcatWebServer- Tomcat started on port(s): 80 (http) with context path ''
2019/06/16-16:48 [restartedMain]INFO  com.example.demo.Application- Started Application in 1.148 seconds (JVM running for 376.434)
2019/06/16-16:48 [restartedMain]INFO  o.s.b.d.a.ConditionEvaluationDeltaLoggingListener- Condition evaluation unchanged
2019/06/16-16:48 [http-nio-80-exec-1]INFO  o.a.c.c.C.[Tomcat].[localhost].[/]- Initializing Spring DispatcherServlet 'dispatcherServlet'
2019/06/16-16:48 [http-nio-80-exec-1]INFO  o.s.web.servlet.DispatcherServlet- Initializing Servlet 'dispatcherServlet'
2019/06/16-16:48 [http-nio-80-exec-1]INFO  o.s.web.servlet.DispatcherServlet- Completed initialization in 13 ms
2019/06/16-16:48 [Thread-39]INFO  o.s.s.c.ThreadPoolTaskExecutor- Shutting down ExecutorService 'applicationTaskExecutor'
2019/06/16-16:48 [Thread-39]INFO  com.zaxxer.hikari.HikariDataSource- HikariPool-5 - Shutdown initiated...
2019/06/16-16:48 [Thread-39]INFO  com.zaxxer.hikari.HikariDataSource- HikariPool-5 - Shutdown completed.
2019/06/16-16:48 [restartedMain]INFO  com.example.demo.Application- Starting Application on DESKTOP-CF6I9O1 with PID 732 (D:\myProject\STSProject\com.person.mystudy\target\classes started by Admin in D:\myProject\STSProject\com.person.mystudy)
2019/06/16-16:48 [restartedMain]INFO  com.example.demo.Application- No active profile set, falling back to default profiles: default
2019/06/16-16:48 [restartedMain]INFO  o.s.b.w.e.tomcat.TomcatWebServer- Tomcat initialized with port(s): 80 (http)
2019/06/16-16:48 [restartedMain]INFO  o.a.catalina.core.StandardService- Starting service [Tomcat]
2019/06/16-16:48 [restartedMain]INFO  o.a.catalina.core.StandardEngine- Starting Servlet engine: [Apache Tomcat/9.0.17]
2019/06/16-16:48 [restartedMain]INFO  o.a.c.c.C.[Tomcat].[localhost].[/]- Initializing Spring embedded WebApplicationContext
2019/06/16-16:48 [restartedMain]INFO  o.s.web.context.ContextLoader- Root WebApplicationContext: initialization completed in 475 ms
2019/06/16-16:48 [restartedMain]INFO  com.zaxxer.hikari.HikariDataSource- HikariPool-6 - Starting...
2019/06/16-16:48 [restartedMain]INFO  com.zaxxer.hikari.HikariDataSource- HikariPool-6 - Start completed.
2019/06/16-16:48 [restartedMain]INFO  o.s.s.c.ThreadPoolTaskExecutor- Initializing ExecutorService 'applicationTaskExecutor'
2019/06/16-16:48 [restartedMain]INFO  o.s.b.d.a.OptionalLiveReloadServer- LiveReload server is running on port 35729
2019/06/16-16:48 [restartedMain]INFO  o.s.b.w.e.tomcat.TomcatWebServer- Tomcat started on port(s): 80 (http) with context path ''
2019/06/16-16:48 [restartedMain]INFO  com.example.demo.Application- Started Application in 0.946 seconds (JVM running for 397.147)
2019/06/16-16:48 [restartedMain]INFO  o.s.b.d.a.ConditionEvaluationDeltaLoggingListener- Condition evaluation unchanged
2019/06/16-16:48 [http-nio-80-exec-1]INFO  o.a.c.c.C.[Tomcat].[localhost].[/]- Initializing Spring DispatcherServlet 'dispatcherServlet'
2019/06/16-16:48 [http-nio-80-exec-1]INFO  o.s.web.servlet.DispatcherServlet- Initializing Servlet 'dispatcherServlet'
2019/06/16-16:48 [http-nio-80-exec-1]INFO  o.s.web.servlet.DispatcherServlet- Completed initialization in 4 ms
2019/06/16-16:49 [Thread-47]INFO  o.s.s.c.ThreadPoolTaskExecutor- Shutting down ExecutorService 'applicationTaskExecutor'
2019/06/16-16:49 [Thread-47]INFO  com.zaxxer.hikari.HikariDataSource- HikariPool-6 - Shutdown initiated...
2019/06/16-16:49 [Thread-47]INFO  com.zaxxer.hikari.HikariDataSource- HikariPool-6 - Shutdown completed.
2019/06/16-16:49 [restartedMain]INFO  com.example.demo.Application- Starting Application on DESKTOP-CF6I9O1 with PID 732 (D:\myProject\STSProject\com.person.mystudy\target\classes started by Admin in D:\myProject\STSProject\com.person.mystudy)
2019/06/16-16:49 [restartedMain]INFO  com.example.demo.Application- No active profile set, falling back to default profiles: default
2019/06/16-16:49 [restartedMain]INFO  o.s.b.w.e.tomcat.TomcatWebServer- Tomcat initialized with port(s): 80 (http)
2019/06/16-16:49 [restartedMain]INFO  o.a.catalina.core.StandardService- Starting service [Tomcat]
2019/06/16-16:49 [restartedMain]INFO  o.a.catalina.core.StandardEngine- Starting Servlet engine: [Apache Tomcat/9.0.17]
2019/06/16-16:49 [restartedMain]INFO  o.a.c.c.C.[Tomcat].[localhost].[/]- Initializing Spring embedded WebApplicationContext
2019/06/16-16:49 [restartedMain]INFO  o.s.web.context.ContextLoader- Root WebApplicationContext: initialization completed in 464 ms
2019/06/16-16:49 [restartedMain]INFO  com.zaxxer.hikari.HikariDataSource- HikariPool-7 - Starting...
2019/06/16-16:49 [restartedMain]INFO  com.zaxxer.hikari.HikariDataSource- HikariPool-7 - Start completed.
2019/06/16-16:49 [restartedMain]INFO  o.s.s.c.ThreadPoolTaskExecutor- Initializing ExecutorService 'applicationTaskExecutor'
2019/06/16-16:49 [restartedMain]INFO  o.s.b.d.a.OptionalLiveReloadServer- LiveReload server is running on port 35729
2019/06/16-16:49 [restartedMain]INFO  o.s.b.w.e.tomcat.TomcatWebServer- Tomcat started on port(s): 80 (http) with context path ''
2019/06/16-16:49 [restartedMain]INFO  com.example.demo.Application- Started Application in 0.835 seconds (JVM running for 445.004)
2019/06/16-16:49 [restartedMain]INFO  o.s.b.d.a.ConditionEvaluationDeltaLoggingListener- Condition evaluation unchanged
2019/06/16-16:49 [http-nio-80-exec-1]INFO  o.a.c.c.C.[Tomcat].[localhost].[/]- Initializing Spring DispatcherServlet 'dispatcherServlet'
2019/06/16-16:49 [http-nio-80-exec-1]INFO  o.s.web.servlet.DispatcherServlet- Initializing Servlet 'dispatcherServlet'
2019/06/16-16:49 [http-nio-80-exec-1]INFO  o.s.web.servlet.DispatcherServlet- Completed initialization in 4 ms
2019/06/16-16:49 [http-nio-80-exec-3]WARN  o.s.web.servlet.PageNotFound- No mapping for GET /chat/
2019/06/16-16:52 [Thread-55]INFO  o.s.s.c.ThreadPoolTaskExecutor- Shutting down ExecutorService 'applicationTaskExecutor'
2019/06/16-16:52 [Thread-55]INFO  com.zaxxer.hikari.HikariDataSource- HikariPool-7 - Shutdown initiated...
2019/06/16-16:52 [Thread-55]INFO  com.zaxxer.hikari.HikariDataSource- HikariPool-7 - Shutdown completed.
2019/06/16-16:52 [restartedMain]INFO  com.example.demo.Application- Starting Application on DESKTOP-CF6I9O1 with PID 732 (D:\myProject\STSProject\com.person.mystudy\target\classes started by Admin in D:\myProject\STSProject\com.person.mystudy)
2019/06/16-16:52 [restartedMain]INFO  com.example.demo.Application- No active profile set, falling back to default profiles: default
2019/06/16-16:52 [restartedMain]INFO  o.s.b.w.e.tomcat.TomcatWebServer- Tomcat initialized with port(s): 80 (http)
2019/06/16-16:52 [restartedMain]INFO  o.a.catalina.core.StandardService- Starting service [Tomcat]
2019/06/16-16:52 [restartedMain]INFO  o.a.catalina.core.StandardEngine- Starting Servlet engine: [Apache Tomcat/9.0.17]
2019/06/16-16:52 [restartedMain]INFO  o.a.c.c.C.[Tomcat].[localhost].[/]- Initializing Spring embedded WebApplicationContext
2019/06/16-16:52 [restartedMain]INFO  o.s.web.context.ContextLoader- Root WebApplicationContext: initialization completed in 420 ms
2019/06/16-16:52 [restartedMain]INFO  com.zaxxer.hikari.HikariDataSource- HikariPool-8 - Starting...
2019/06/16-16:52 [restartedMain]INFO  com.zaxxer.hikari.HikariDataSource- HikariPool-8 - Start completed.
2019/06/16-16:52 [restartedMain]INFO  o.s.s.c.ThreadPoolTaskExecutor- Initializing ExecutorService 'applicationTaskExecutor'
2019/06/16-16:52 [restartedMain]INFO  o.s.b.d.a.OptionalLiveReloadServer- LiveReload server is running on port 35729
2019/06/16-16:52 [restartedMain]INFO  o.s.b.w.e.tomcat.TomcatWebServer- Tomcat started on port(s): 80 (http) with context path ''
2019/06/16-16:52 [restartedMain]INFO  com.example.demo.Application- Started Application in 0.808 seconds (JVM running for 618.838)
2019/06/16-16:52 [restartedMain]INFO  o.s.b.d.a.ConditionEvaluationDeltaLoggingListener- Condition evaluation unchanged
2019/06/16-16:52 [http-nio-80-exec-1]INFO  o.a.c.c.C.[Tomcat].[localhost].[/]- Initializing Spring DispatcherServlet 'dispatcherServlet'
2019/06/16-16:52 [http-nio-80-exec-1]INFO  o.s.web.servlet.DispatcherServlet- Initializing Servlet 'dispatcherServlet'
2019/06/16-16:52 [http-nio-80-exec-1]INFO  o.s.web.servlet.DispatcherServlet- Completed initialization in 4 ms
2019/06/16-16:53 [Thread-63]INFO  o.s.s.c.ThreadPoolTaskExecutor- Shutting down ExecutorService 'applicationTaskExecutor'
2019/06/16-16:53 [Thread-63]INFO  com.zaxxer.hikari.HikariDataSource- HikariPool-8 - Shutdown initiated...
2019/06/16-16:53 [Thread-63]INFO  com.zaxxer.hikari.HikariDataSource- HikariPool-8 - Shutdown completed.
2019/06/16-16:53 [restartedMain]INFO  com.example.demo.Application- Starting Application on DESKTOP-CF6I9O1 with PID 732 (D:\myProject\STSProject\com.person.mystudy\target\classes started by Admin in D:\myProject\STSProject\com.person.mystudy)
2019/06/16-16:53 [restartedMain]INFO  com.example.demo.Application- No active profile set, falling back to default profiles: default
2019/06/16-16:53 [restartedMain]INFO  o.s.b.w.e.tomcat.TomcatWebServer- Tomcat initialized with port(s): 80 (http)
2019/06/16-16:53 [restartedMain]INFO  o.a.catalina.core.StandardService- Starting service [Tomcat]
2019/06/16-16:53 [restartedMain]INFO  o.a.catalina.core.StandardEngine- Starting Servlet engine: [Apache Tomcat/9.0.17]
2019/06/16-16:53 [restartedMain]INFO  o.a.c.c.C.[Tomcat].[localhost].[/]- Initializing Spring embedded WebApplicationContext
2019/06/16-16:53 [restartedMain]INFO  o.s.web.context.ContextLoader- Root WebApplicationContext: initialization completed in 466 ms
2019/06/16-16:53 [restartedMain]INFO  com.zaxxer.hikari.HikariDataSource- HikariPool-9 - Starting...
2019/06/16-16:53 [restartedMain]INFO  com.zaxxer.hikari.HikariDataSource- HikariPool-9 - Start completed.
2019/06/16-16:53 [restartedMain]INFO  o.s.s.c.ThreadPoolTaskExecutor- Initializing ExecutorService 'applicationTaskExecutor'
2019/06/16-16:53 [restartedMain]INFO  o.s.b.d.a.OptionalLiveReloadServer- LiveReload server is running on port 35729
2019/06/16-16:53 [restartedMain]INFO  o.s.b.w.e.tomcat.TomcatWebServer- Tomcat started on port(s): 80 (http) with context path ''
2019/06/16-16:53 [restartedMain]INFO  com.example.demo.Application- Started Application in 0.838 seconds (JVM running for 667.856)
2019/06/16-16:53 [restartedMain]INFO  o.s.b.d.a.ConditionEvaluationDeltaLoggingListener- Condition evaluation unchanged
2019/06/16-16:53 [http-nio-80-exec-1]INFO  o.a.c.c.C.[Tomcat].[localhost].[/]- Initializing Spring DispatcherServlet 'dispatcherServlet'
2019/06/16-16:53 [http-nio-80-exec-1]INFO  o.s.web.servlet.DispatcherServlet- Initializing Servlet 'dispatcherServlet'
2019/06/16-16:53 [http-nio-80-exec-1]INFO  o.s.web.servlet.DispatcherServlet- Completed initialization in 4 ms
2019/06/16-16:54 [Thread-72]INFO  o.s.s.c.ThreadPoolTaskExecutor- Shutting down ExecutorService 'applicationTaskExecutor'
2019/06/16-16:54 [Thread-72]INFO  com.zaxxer.hikari.HikariDataSource- HikariPool-9 - Shutdown initiated...
2019/06/16-16:54 [Thread-72]INFO  com.zaxxer.hikari.HikariDataSource- HikariPool-9 - Shutdown completed.
2019/06/16-16:54 [restartedMain]INFO  com.example.demo.Application- Starting Application on DESKTOP-CF6I9O1 with PID 732 (D:\myProject\STSProject\com.person.mystudy\target\classes started by Admin in D:\myProject\STSProject\com.person.mystudy)
2019/06/16-16:54 [restartedMain]INFO  com.example.demo.Application- No active profile set, falling back to default profiles: default
2019/06/16-16:54 [restartedMain]INFO  o.s.b.w.e.tomcat.TomcatWebServer- Tomcat initialized with port(s): 80 (http)
2019/06/16-16:54 [restartedMain]INFO  o.a.catalina.core.StandardService- Starting service [Tomcat]
2019/06/16-16:54 [restartedMain]INFO  o.a.catalina.core.StandardEngine- Starting Servlet engine: [Apache Tomcat/9.0.17]
2019/06/16-16:54 [restartedMain]INFO  o.a.c.c.C.[Tomcat].[localhost].[/]- Initializing Spring embedded WebApplicationContext
2019/06/16-16:54 [restartedMain]INFO  o.s.web.context.ContextLoader- Root WebApplicationContext: initialization completed in 443 ms
2019/06/16-16:54 [restartedMain]INFO  com.zaxxer.hikari.HikariDataSource- HikariPool-10 - Starting...
2019/06/16-16:54 [restartedMain]INFO  com.zaxxer.hikari.HikariDataSource- HikariPool-10 - Start completed.
2019/06/16-16:54 [restartedMain]INFO  o.s.s.c.ThreadPoolTaskExecutor- Initializing ExecutorService 'applicationTaskExecutor'
2019/06/16-16:54 [restartedMain]INFO  o.s.b.d.a.OptionalLiveReloadServer- LiveReload server is running on port 35729
2019/06/16-16:54 [restartedMain]INFO  o.s.b.w.e.tomcat.TomcatWebServer- Tomcat started on port(s): 80 (http) with context path ''
2019/06/16-16:54 [restartedMain]INFO  com.example.demo.Application- Started Application in 0.793 seconds (JVM running for 718.973)
2019/06/16-16:54 [restartedMain]INFO  o.s.b.d.a.ConditionEvaluationDeltaLoggingListener- Condition evaluation unchanged
2019/06/16-16:54 [http-nio-80-exec-1]INFO  o.a.c.c.C.[Tomcat].[localhost].[/]- Initializing Spring DispatcherServlet 'dispatcherServlet'
2019/06/16-16:54 [http-nio-80-exec-1]INFO  o.s.web.servlet.DispatcherServlet- Initializing Servlet 'dispatcherServlet'
2019/06/16-16:54 [http-nio-80-exec-1]INFO  o.s.web.servlet.DispatcherServlet- Completed initialization in 4 ms
2019/06/16-16:57 [Thread-81]INFO  o.s.s.c.ThreadPoolTaskExecutor- Shutting down ExecutorService 'applicationTaskExecutor'
2019/06/16-16:57 [Thread-81]INFO  com.zaxxer.hikari.HikariDataSource- HikariPool-10 - Shutdown initiated...
2019/06/16-16:57 [Thread-81]INFO  com.zaxxer.hikari.HikariDataSource- HikariPool-10 - Shutdown completed.
2019/06/16-16:57 [restartedMain]INFO  com.example.demo.Application- Starting Application on DESKTOP-CF6I9O1 with PID 732 (D:\myProject\STSProject\com.person.mystudy\target\classes started by Admin in D:\myProject\STSProject\com.person.mystudy)
2019/06/16-16:57 [restartedMain]INFO  com.example.demo.Application- No active profile set, falling back to default profiles: default
2019/06/16-16:57 [restartedMain]INFO  o.s.b.w.e.tomcat.TomcatWebServer- Tomcat initialized with port(s): 80 (http)
2019/06/16-16:57 [restartedMain]INFO  o.a.catalina.core.StandardService- Starting service [Tomcat]
2019/06/16-16:57 [restartedMain]INFO  o.a.catalina.core.StandardEngine- Starting Servlet engine: [Apache Tomcat/9.0.17]
2019/06/16-16:57 [restartedMain]INFO  o.a.c.c.C.[Tomcat].[localhost].[/]- Initializing Spring embedded WebApplicationContext
2019/06/16-16:57 [restartedMain]INFO  o.s.web.context.ContextLoader- Root WebApplicationContext: initialization completed in 461 ms
2019/06/16-16:57 [restartedMain]INFO  com.zaxxer.hikari.HikariDataSource- HikariPool-11 - Starting...
2019/06/16-16:57 [restartedMain]INFO  com.zaxxer.hikari.HikariDataSource- HikariPool-11 - Start completed.
2019/06/16-16:57 [restartedMain]INFO  o.s.s.c.ThreadPoolTaskExecutor- Initializing ExecutorService 'applicationTaskExecutor'
2019/06/16-16:57 [restartedMain]INFO  o.s.b.d.a.OptionalLiveReloadServer- LiveReload server is running on port 35729
2019/06/16-16:57 [restartedMain]INFO  o.s.b.w.e.tomcat.TomcatWebServer- Tomcat started on port(s): 80 (http) with context path ''
2019/06/16-16:57 [restartedMain]INFO  com.example.demo.Application- Started Application in 0.852 seconds (JVM running for 924.278)
2019/06/16-16:57 [restartedMain]INFO  o.s.b.d.a.ConditionEvaluationDeltaLoggingListener- Condition evaluation unchanged
2019/06/16-16:57 [http-nio-80-exec-1]INFO  o.a.c.c.C.[Tomcat].[localhost].[/]- Initializing Spring DispatcherServlet 'dispatcherServlet'
2019/06/16-16:57 [http-nio-80-exec-1]INFO  o.s.web.servlet.DispatcherServlet- Initializing Servlet 'dispatcherServlet'
2019/06/16-16:57 [http-nio-80-exec-1]INFO  o.s.web.servlet.DispatcherServlet- Completed initialization in 3 ms
2019/06/16-16:57 [Thread-90]INFO  o.s.s.c.ThreadPoolTaskExecutor- Shutting down ExecutorService 'applicationTaskExecutor'
2019/06/16-16:57 [Thread-90]INFO  com.zaxxer.hikari.HikariDataSource- HikariPool-11 - Shutdown initiated...
2019/06/16-16:57 [Thread-90]INFO  com.zaxxer.hikari.HikariDataSource- HikariPool-11 - Shutdown completed.
2019/06/16-16:58 [restartedMain]INFO  com.example.demo.Application- Starting Application on DESKTOP-CF6I9O1 with PID 732 (D:\myProject\STSProject\com.person.mystudy\target\classes started by Admin in D:\myProject\STSProject\com.person.mystudy)
2019/06/16-16:58 [restartedMain]INFO  com.example.demo.Application- No active profile set, falling back to default profiles: default
2019/06/16-16:58 [restartedMain]INFO  o.s.b.w.e.tomcat.TomcatWebServer- Tomcat initialized with port(s): 80 (http)
2019/06/16-16:58 [restartedMain]INFO  o.a.catalina.core.StandardService- Starting service [Tomcat]
2019/06/16-16:58 [restartedMain]INFO  o.a.catalina.core.StandardEngine- Starting Servlet engine: [Apache Tomcat/9.0.17]
2019/06/16-16:58 [restartedMain]INFO  o.a.c.c.C.[Tomcat].[localhost].[/]- Initializing Spring embedded WebApplicationContext
2019/06/16-16:58 [restartedMain]INFO  o.s.web.context.ContextLoader- Root WebApplicationContext: initialization completed in 660 ms
2019/06/16-16:58 [restartedMain]INFO  com.zaxxer.hikari.HikariDataSource- HikariPool-12 - Starting...
2019/06/16-16:58 [restartedMain]INFO  com.zaxxer.hikari.HikariDataSource- HikariPool-12 - Start completed.
2019/06/16-16:58 [restartedMain]INFO  o.s.s.c.ThreadPoolTaskExecutor- Initializing ExecutorService 'applicationTaskExecutor'
2019/06/16-16:58 [restartedMain]INFO  o.s.b.d.a.OptionalLiveReloadServer- LiveReload server is running on port 35729
2019/06/16-16:58 [restartedMain]INFO  o.s.b.w.e.tomcat.TomcatWebServer- Tomcat started on port(s): 80 (http) with context path ''
2019/06/16-16:58 [restartedMain]INFO  com.example.demo.Application- Started Application in 1.193 seconds (JVM running for 943.414)
2019/06/16-16:58 [restartedMain]INFO  o.s.b.d.a.ConditionEvaluationDeltaLoggingListener- Condition evaluation unchanged
2019/06/16-16:58 [http-nio-80-exec-2]INFO  o.a.c.c.C.[Tomcat].[localhost].[/]- Initializing Spring DispatcherServlet 'dispatcherServlet'
2019/06/16-16:58 [http-nio-80-exec-2]INFO  o.s.web.servlet.DispatcherServlet- Initializing Servlet 'dispatcherServlet'
2019/06/16-16:58 [http-nio-80-exec-2]INFO  o.s.web.servlet.DispatcherServlet- Completed initialization in 6 ms
2019/06/16-16:58 [Thread-98]INFO  o.s.s.c.ThreadPoolTaskExecutor- Shutting down ExecutorService 'applicationTaskExecutor'
2019/06/16-16:58 [Thread-98]INFO  com.zaxxer.hikari.HikariDataSource- HikariPool-12 - Shutdown initiated...
2019/06/16-16:58 [Thread-98]INFO  com.zaxxer.hikari.HikariDataSource- HikariPool-12 - Shutdown completed.
2019/06/16-16:58 [restartedMain]INFO  com.example.demo.Application- Starting Application on DESKTOP-CF6I9O1 with PID 732 (D:\myProject\STSProject\com.person.mystudy\target\classes started by Admin in D:\myProject\STSProject\com.person.mystudy)
2019/06/16-16:58 [restartedMain]INFO  com.example.demo.Application- No active profile set, falling back to default profiles: default
2019/06/16-16:58 [restartedMain]INFO  o.s.b.w.e.tomcat.TomcatWebServer- Tomcat initialized with port(s): 80 (http)
2019/06/16-16:58 [restartedMain]INFO  o.a.catalina.core.StandardService- Starting service [Tomcat]
2019/06/16-16:58 [restartedMain]INFO  o.a.catalina.core.StandardEngine- Starting Servlet engine: [Apache Tomcat/9.0.17]
2019/06/16-16:58 [restartedMain]INFO  o.a.c.c.C.[Tomcat].[localhost].[/]- Initializing Spring embedded WebApplicationContext
2019/06/16-16:58 [restartedMain]INFO  o.s.web.context.ContextLoader- Root WebApplicationContext: initialization completed in 412 ms
2019/06/16-16:58 [restartedMain]INFO  com.zaxxer.hikari.HikariDataSource- HikariPool-13 - Starting...
2019/06/16-16:58 [restartedMain]INFO  com.zaxxer.hikari.HikariDataSource- HikariPool-13 - Start completed.
2019/06/16-16:58 [restartedMain]INFO  o.s.s.c.ThreadPoolTaskExecutor- Initializing ExecutorService 'applicationTaskExecutor'
2019/06/16-16:58 [restartedMain]INFO  o.s.b.d.a.OptionalLiveReloadServer- LiveReload server is running on port 35729
2019/06/16-16:58 [restartedMain]INFO  o.s.b.w.e.tomcat.TomcatWebServer- Tomcat started on port(s): 80 (http) with context path ''
2019/06/16-16:58 [restartedMain]INFO  com.example.demo.Application- Started Application in 0.784 seconds (JVM running for 1000.656)
2019/06/16-16:58 [restartedMain]INFO  o.s.b.d.a.ConditionEvaluationDeltaLoggingListener- Condition evaluation unchanged
2019/06/16-16:59 [http-nio-80-exec-1]INFO  o.a.c.c.C.[Tomcat].[localhost].[/]- Initializing Spring DispatcherServlet 'dispatcherServlet'
2019/06/16-16:59 [http-nio-80-exec-1]INFO  o.s.web.servlet.DispatcherServlet- Initializing Servlet 'dispatcherServlet'
2019/06/16-16:59 [http-nio-80-exec-1]INFO  o.s.web.servlet.DispatcherServlet- Completed initialization in 5 ms
2019/06/16-17:00 [Thread-107]INFO  o.s.s.c.ThreadPoolTaskExecutor- Shutting down ExecutorService 'applicationTaskExecutor'
2019/06/16-17:00 [Thread-107]INFO  com.zaxxer.hikari.HikariDataSource- HikariPool-13 - Shutdown initiated...
2019/06/16-17:00 [Thread-107]INFO  com.zaxxer.hikari.HikariDataSource- HikariPool-13 - Shutdown completed.
2019/06/16-17:00 [restartedMain]INFO  com.example.demo.Application- Starting Application on DESKTOP-CF6I9O1 with PID 732 (D:\myProject\STSProject\com.person.mystudy\target\classes started by Admin in D:\myProject\STSProject\com.person.mystudy)
2019/06/16-17:00 [restartedMain]INFO  com.example.demo.Application- No active profile set, falling back to default profiles: default
2019/06/16-17:00 [restartedMain]INFO  o.s.b.w.e.tomcat.TomcatWebServer- Tomcat initialized with port(s): 80 (http)
2019/06/16-17:00 [restartedMain]INFO  o.a.catalina.core.StandardService- Starting service [Tomcat]
2019/06/16-17:00 [restartedMain]INFO  o.a.catalina.core.StandardEngine- Starting Servlet engine: [Apache Tomcat/9.0.17]
2019/06/16-17:00 [restartedMain]INFO  o.a.c.c.C.[Tomcat].[localhost].[/]- Initializing Spring embedded WebApplicationContext
2019/06/16-17:00 [restartedMain]INFO  o.s.web.context.ContextLoader- Root WebApplicationContext: initialization completed in 416 ms
2019/06/16-17:00 [restartedMain]INFO  com.zaxxer.hikari.HikariDataSource- HikariPool-14 - Starting...
2019/06/16-17:00 [restartedMain]INFO  com.zaxxer.hikari.HikariDataSource- HikariPool-14 - Start completed.
2019/06/16-17:00 [restartedMain]INFO  o.s.s.c.ThreadPoolTaskExecutor- Initializing ExecutorService 'applicationTaskExecutor'
2019/06/16-17:00 [restartedMain]INFO  o.s.b.d.a.OptionalLiveReloadServer- LiveReload server is running on port 35729
2019/06/16-17:00 [restartedMain]INFO  o.s.b.w.e.tomcat.TomcatWebServer- Tomcat started on port(s): 80 (http) with context path ''
2019/06/16-17:00 [restartedMain]INFO  com.example.demo.Application- Started Application in 0.797 seconds (JVM running for 1063.293)
2019/06/16-17:00 [restartedMain]INFO  o.s.b.d.a.ConditionEvaluationDeltaLoggingListener- Condition evaluation unchanged
2019/06/16-17:00 [http-nio-80-exec-1]INFO  o.a.c.c.C.[Tomcat].[localhost].[/]- Initializing Spring DispatcherServlet 'dispatcherServlet'
2019/06/16-17:00 [http-nio-80-exec-1]INFO  o.s.web.servlet.DispatcherServlet- Initializing Servlet 'dispatcherServlet'
2019/06/16-17:00 [http-nio-80-exec-1]INFO  o.s.web.servlet.DispatcherServlet- Completed initialization in 5 ms
2019/06/16-17:02 [Thread-116]INFO  o.s.s.c.ThreadPoolTaskExecutor- Shutting down ExecutorService 'applicationTaskExecutor'
2019/06/16-17:02 [Thread-116]INFO  com.zaxxer.hikari.HikariDataSource- HikariPool-14 - Shutdown initiated...
2019/06/16-17:02 [Thread-116]INFO  com.zaxxer.hikari.HikariDataSource- HikariPool-14 - Shutdown completed.
2019/06/16-17:02 [restartedMain]INFO  com.example.demo.Application- Starting Application on DESKTOP-CF6I9O1 with PID 732 (D:\myProject\STSProject\com.person.mystudy\target\classes started by Admin in D:\myProject\STSProject\com.person.mystudy)
2019/06/16-17:02 [restartedMain]INFO  com.example.demo.Application- No active profile set, falling back to default profiles: default
2019/06/16-17:02 [restartedMain]INFO  o.s.b.w.e.tomcat.TomcatWebServer- Tomcat initialized with port(s): 80 (http)
2019/06/16-17:02 [restartedMain]INFO  o.a.catalina.core.StandardService- Starting service [Tomcat]
2019/06/16-17:02 [restartedMain]INFO  o.a.catalina.core.StandardEngine- Starting Servlet engine: [Apache Tomcat/9.0.17]
2019/06/16-17:02 [restartedMain]INFO  o.a.c.c.C.[Tomcat].[localhost].[/]- Initializing Spring embedded WebApplicationContext
2019/06/16-17:02 [restartedMain]INFO  o.s.web.context.ContextLoader- Root WebApplicationContext: initialization completed in 474 ms
2019/06/16-17:02 [restartedMain]INFO  com.zaxxer.hikari.HikariDataSource- HikariPool-15 - Starting...
2019/06/16-17:02 [restartedMain]INFO  com.zaxxer.hikari.HikariDataSource- HikariPool-15 - Start completed.
2019/06/16-17:02 [restartedMain]INFO  o.s.s.c.ThreadPoolTaskExecutor- Initializing ExecutorService 'applicationTaskExecutor'
2019/06/16-17:02 [restartedMain]INFO  o.s.b.d.a.OptionalLiveReloadServer- LiveReload server is running on port 35729
2019/06/16-17:02 [restartedMain]INFO  o.s.b.w.e.tomcat.TomcatWebServer- Tomcat started on port(s): 80 (http) with context path ''
2019/06/16-17:02 [restartedMain]INFO  com.example.demo.Application- Started Application in 0.896 seconds (JVM running for 1185.796)
2019/06/16-17:02 [restartedMain]INFO  o.s.b.d.a.ConditionEvaluationDeltaLoggingListener- Condition evaluation unchanged
2019/06/16-17:05 [Thread-125]INFO  o.s.s.c.ThreadPoolTaskExecutor- Shutting down ExecutorService 'applicationTaskExecutor'
2019/06/16-17:05 [Thread-125]INFO  com.zaxxer.hikari.HikariDataSource- HikariPool-15 - Shutdown initiated...
2019/06/16-17:05 [Thread-125]INFO  com.zaxxer.hikari.HikariDataSource- HikariPool-15 - Shutdown completed.
2019/06/16-17:05 [restartedMain]INFO  com.example.demo.Application- Starting Application on DESKTOP-CF6I9O1 with PID 732 (D:\myProject\STSProject\com.person.mystudy\target\classes started by Admin in D:\myProject\STSProject\com.person.mystudy)
2019/06/16-17:05 [restartedMain]INFO  com.example.demo.Application- No active profile set, falling back to default profiles: default
2019/06/16-17:05 [restartedMain]INFO  o.s.b.w.e.tomcat.TomcatWebServer- Tomcat initialized with port(s): 80 (http)
2019/06/16-17:05 [restartedMain]INFO  o.a.catalina.core.StandardService- Starting service [Tomcat]
2019/06/16-17:05 [restartedMain]INFO  o.a.catalina.core.StandardEngine- Starting Servlet engine: [Apache Tomcat/9.0.17]
2019/06/16-17:05 [restartedMain]INFO  o.a.c.c.C.[Tomcat].[localhost].[/]- Initializing Spring embedded WebApplicationContext
2019/06/16-17:05 [restartedMain]INFO  o.s.web.context.ContextLoader- Root WebApplicationContext: initialization completed in 507 ms
2019/06/16-17:05 [restartedMain]INFO  com.zaxxer.hikari.HikariDataSource- HikariPool-16 - Starting...
2019/06/16-17:05 [restartedMain]INFO  com.zaxxer.hikari.HikariDataSource- HikariPool-16 - Start completed.
2019/06/16-17:05 [restartedMain]INFO  o.s.s.c.ThreadPoolTaskExecutor- Initializing ExecutorService 'applicationTaskExecutor'
2019/06/16-17:05 [restartedMain]INFO  o.s.b.d.a.OptionalLiveReloadServer- LiveReload server is running on port 35729
2019/06/16-17:05 [restartedMain]INFO  o.s.b.w.e.tomcat.TomcatWebServer- Tomcat started on port(s): 80 (http) with context path ''
2019/06/16-17:05 [restartedMain]INFO  com.example.demo.Application- Started Application in 0.934 seconds (JVM running for 1403.066)
2019/06/16-17:05 [restartedMain]INFO  o.s.b.d.a.ConditionEvaluationDeltaLoggingListener- Condition evaluation unchanged
2019/06/16-17:06 [Thread-133]INFO  o.s.s.c.ThreadPoolTaskExecutor- Shutting down ExecutorService 'applicationTaskExecutor'
2019/06/16-17:06 [Thread-133]INFO  com.zaxxer.hikari.HikariDataSource- HikariPool-16 - Shutdown initiated...
2019/06/16-17:06 [Thread-133]INFO  com.zaxxer.hikari.HikariDataSource- HikariPool-16 - Shutdown completed.
2019/06/16-17:06 [restartedMain]INFO  com.example.demo.Application- Starting Application on DESKTOP-CF6I9O1 with PID 732 (D:\myProject\STSProject\com.person.mystudy\target\classes started by Admin in D:\myProject\STSProject\com.person.mystudy)
2019/06/16-17:06 [restartedMain]INFO  com.example.demo.Application- No active profile set, falling back to default profiles: default
2019/06/16-17:06 [restartedMain]INFO  o.s.b.w.e.tomcat.TomcatWebServer- Tomcat initialized with port(s): 80 (http)
2019/06/16-17:06 [restartedMain]INFO  o.a.catalina.core.StandardService- Starting service [Tomcat]
2019/06/16-17:06 [restartedMain]INFO  o.a.catalina.core.StandardEngine- Starting Servlet engine: [Apache Tomcat/9.0.17]
2019/06/16-17:06 [restartedMain]INFO  o.a.c.c.C.[Tomcat].[localhost].[/]- Initializing Spring embedded WebApplicationContext
2019/06/16-17:06 [restartedMain]INFO  o.s.web.context.ContextLoader- Root WebApplicationContext: initialization completed in 391 ms
2019/06/16-17:06 [restartedMain]INFO  com.zaxxer.hikari.HikariDataSource- HikariPool-17 - Starting...
2019/06/16-17:06 [restartedMain]INFO  com.zaxxer.hikari.HikariDataSource- HikariPool-17 - Start completed.
2019/06/16-17:06 [restartedMain]INFO  o.s.s.c.ThreadPoolTaskExecutor- Initializing ExecutorService 'applicationTaskExecutor'
2019/06/16-17:06 [restartedMain]INFO  o.s.b.d.a.OptionalLiveReloadServer- LiveReload server is running on port 35729
2019/06/16-17:06 [restartedMain]INFO  o.s.b.w.e.tomcat.TomcatWebServer- Tomcat started on port(s): 80 (http) with context path ''
2019/06/16-17:06 [restartedMain]INFO  com.example.demo.Application- Started Application in 0.734 seconds (JVM running for 1423.772)
2019/06/16-17:06 [restartedMain]INFO  o.s.b.d.a.ConditionEvaluationDeltaLoggingListener- Condition evaluation unchanged
2019/06/16-17:06 [Thread-141]INFO  o.s.s.c.ThreadPoolTaskExecutor- Shutting down ExecutorService 'applicationTaskExecutor'
2019/06/16-17:06 [Thread-141]INFO  com.zaxxer.hikari.HikariDataSource- HikariPool-17 - Shutdown initiated...
2019/06/16-17:06 [Thread-141]INFO  com.zaxxer.hikari.HikariDataSource- HikariPool-17 - Shutdown completed.
2019/06/16-17:06 [restartedMain]INFO  com.example.demo.Application- Starting Application on DESKTOP-CF6I9O1 with PID 732 (D:\myProject\STSProject\com.person.mystudy\target\classes started by Admin in D:\myProject\STSProject\com.person.mystudy)
2019/06/16-17:06 [restartedMain]INFO  com.example.demo.Application- No active profile set, falling back to default profiles: default
2019/06/16-17:06 [restartedMain]INFO  o.s.b.w.e.tomcat.TomcatWebServer- Tomcat initialized with port(s): 80 (http)
2019/06/16-17:06 [restartedMain]INFO  o.a.catalina.core.StandardService- Starting service [Tomcat]
2019/06/16-17:06 [restartedMain]INFO  o.a.catalina.core.StandardEngine- Starting Servlet engine: [Apache Tomcat/9.0.17]
2019/06/16-17:06 [restartedMain]INFO  o.a.c.c.C.[Tomcat].[localhost].[/]- Initializing Spring embedded WebApplicationContext
2019/06/16-17:06 [restartedMain]INFO  o.s.web.context.ContextLoader- Root WebApplicationContext: initialization completed in 469 ms
2019/06/16-17:06 [restartedMain]INFO  com.zaxxer.hikari.HikariDataSource- HikariPool-18 - Starting...
2019/06/16-17:06 [restartedMain]INFO  com.zaxxer.hikari.HikariDataSource- HikariPool-18 - Start completed.
2019/06/16-17:06 [restartedMain]INFO  o.s.s.c.ThreadPoolTaskExecutor- Initializing ExecutorService 'applicationTaskExecutor'
2019/06/16-17:06 [restartedMain]INFO  o.s.b.d.a.OptionalLiveReloadServer- LiveReload server is running on port 35729
2019/06/16-17:06 [restartedMain]INFO  o.s.b.w.e.tomcat.TomcatWebServer- Tomcat started on port(s): 80 (http) with context path ''
2019/06/16-17:06 [restartedMain]INFO  com.example.demo.Application- Started Application in 0.874 seconds (JVM running for 1438.18)
2019/06/16-17:06 [restartedMain]INFO  o.s.b.d.a.ConditionEvaluationDeltaLoggingListener- Condition evaluation unchanged
2019/06/16-17:06 [http-nio-80-exec-1]INFO  o.a.c.c.C.[Tomcat].[localhost].[/]- Initializing Spring DispatcherServlet 'dispatcherServlet'
2019/06/16-17:06 [http-nio-80-exec-1]INFO  o.s.web.servlet.DispatcherServlet- Initializing Servlet 'dispatcherServlet'
2019/06/16-17:06 [http-nio-80-exec-1]INFO  o.s.web.servlet.DispatcherServlet- Completed initialization in 3 ms
2019/06/16-17:09 [Thread-149]INFO  o.s.s.c.ThreadPoolTaskExecutor- Shutting down ExecutorService 'applicationTaskExecutor'
2019/06/16-17:09 [Thread-149]INFO  com.zaxxer.hikari.HikariDataSource- HikariPool-18 - Shutdown initiated...
2019/06/16-17:09 [Thread-149]INFO  com.zaxxer.hikari.HikariDataSource- HikariPool-18 - Shutdown completed.
2019/06/16-17:09 [restartedMain]INFO  com.example.demo.Application- Starting Application on DESKTOP-CF6I9O1 with PID 732 (D:\myProject\STSProject\com.person.mystudy\target\classes started by Admin in D:\myProject\STSProject\com.person.mystudy)
2019/06/16-17:09 [restartedMain]INFO  com.example.demo.Application- No active profile set, falling back to default profiles: default
2019/06/16-17:09 [restartedMain]INFO  o.s.b.w.e.tomcat.TomcatWebServer- Tomcat initialized with port(s): 80 (http)
2019/06/16-17:09 [restartedMain]INFO  o.a.catalina.core.StandardService- Starting service [Tomcat]
2019/06/16-17:09 [restartedMain]INFO  o.a.catalina.core.StandardEngine- Starting Servlet engine: [Apache Tomcat/9.0.17]
2019/06/16-17:09 [restartedMain]INFO  o.a.c.c.C.[Tomcat].[localhost].[/]- Initializing Spring embedded WebApplicationContext
2019/06/16-17:09 [restartedMain]INFO  o.s.web.context.ContextLoader- Root WebApplicationContext: initialization completed in 423 ms
2019/06/16-17:09 [restartedMain]INFO  com.zaxxer.hikari.HikariDataSource- HikariPool-19 - Starting...
2019/06/16-17:09 [restartedMain]INFO  com.zaxxer.hikari.HikariDataSource- HikariPool-19 - Start completed.
2019/06/16-17:09 [restartedMain]INFO  o.s.s.c.ThreadPoolTaskExecutor- Initializing ExecutorService 'applicationTaskExecutor'
2019/06/16-17:09 [restartedMain]INFO  o.s.b.d.a.OptionalLiveReloadServer- LiveReload server is running on port 35729
2019/06/16-17:09 [restartedMain]INFO  o.s.b.w.e.tomcat.TomcatWebServer- Tomcat started on port(s): 80 (http) with context path ''
2019/06/16-17:09 [restartedMain]INFO  com.example.demo.Application- Started Application in 0.829 seconds (JVM running for 1605.808)
2019/06/16-17:09 [restartedMain]INFO  o.s.b.d.a.ConditionEvaluationDeltaLoggingListener- Condition evaluation unchanged
2019/06/16-17:09 [Thread-158]INFO  o.s.s.c.ThreadPoolTaskExecutor- Shutting down ExecutorService 'applicationTaskExecutor'
2019/06/16-17:09 [Thread-158]INFO  com.zaxxer.hikari.HikariDataSource- HikariPool-19 - Shutdown initiated...
2019/06/16-17:09 [Thread-158]INFO  com.zaxxer.hikari.HikariDataSource- HikariPool-19 - Shutdown completed.
2019/06/16-17:09 [restartedMain]INFO  com.example.demo.Application- Starting Application on DESKTOP-CF6I9O1 with PID 732 (D:\myProject\STSProject\com.person.mystudy\target\classes started by Admin in D:\myProject\STSProject\com.person.mystudy)
2019/06/16-17:09 [restartedMain]INFO  com.example.demo.Application- No active profile set, falling back to default profiles: default
2019/06/16-17:09 [restartedMain]INFO  o.s.b.w.e.tomcat.TomcatWebServer- Tomcat initialized with port(s): 80 (http)
2019/06/16-17:09 [restartedMain]INFO  o.a.catalina.core.StandardService- Starting service [Tomcat]
2019/06/16-17:09 [restartedMain]INFO  o.a.catalina.core.StandardEngine- Starting Servlet engine: [Apache Tomcat/9.0.17]
2019/06/16-17:09 [restartedMain]INFO  o.a.c.c.C.[Tomcat].[localhost].[/]- Initializing Spring embedded WebApplicationContext
2019/06/16-17:09 [restartedMain]INFO  o.s.web.context.ContextLoader- Root WebApplicationContext: initialization completed in 446 ms
2019/06/16-17:09 [restartedMain]INFO  com.zaxxer.hikari.HikariDataSource- HikariPool-20 - Starting...
2019/06/16-17:09 [restartedMain]INFO  com.zaxxer.hikari.HikariDataSource- HikariPool-20 - Start completed.
2019/06/16-17:09 [restartedMain]INFO  o.s.s.c.ThreadPoolTaskExecutor- Initializing ExecutorService 'applicationTaskExecutor'
2019/06/16-17:09 [restartedMain]INFO  o.s.b.d.a.OptionalLiveReloadServer- LiveReload server is running on port 35729
2019/06/16-17:09 [restartedMain]INFO  o.s.b.w.e.tomcat.TomcatWebServer- Tomcat started on port(s): 80 (http) with context path ''
2019/06/16-17:09 [restartedMain]INFO  com.example.demo.Application- Started Application in 0.825 seconds (JVM running for 1612.869)
2019/06/16-17:09 [restartedMain]INFO  o.s.b.d.a.ConditionEvaluationDeltaLoggingListener- Condition evaluation unchanged
2019/06/16-17:09 [http-nio-80-exec-1]INFO  o.a.c.c.C.[Tomcat].[localhost].[/]- Initializing Spring DispatcherServlet 'dispatcherServlet'
2019/06/16-17:09 [http-nio-80-exec-1]INFO  o.s.web.servlet.DispatcherServlet- Initializing Servlet 'dispatcherServlet'
2019/06/16-17:09 [http-nio-80-exec-1]INFO  o.s.web.servlet.DispatcherServlet- Completed initialization in 4 ms
2019/06/16-17:11 [Thread-166]INFO  o.s.s.c.ThreadPoolTaskExecutor- Shutting down ExecutorService 'applicationTaskExecutor'
2019/06/16-17:11 [Thread-166]INFO  com.zaxxer.hikari.HikariDataSource- HikariPool-20 - Shutdown initiated...
2019/06/16-17:11 [Thread-166]INFO  com.zaxxer.hikari.HikariDataSource- HikariPool-20 - Shutdown completed.
2019/06/16-17:11 [restartedMain]INFO  com.example.demo.Application- Starting Application on DESKTOP-CF6I9O1 with PID 732 (D:\myProject\STSProject\com.person.mystudy\target\classes started by Admin in D:\myProject\STSProject\com.person.mystudy)
2019/06/16-17:11 [restartedMain]INFO  com.example.demo.Application- No active profile set, falling back to default profiles: default
2019/06/16-17:11 [restartedMain]INFO  o.s.b.w.e.tomcat.TomcatWebServer- Tomcat initialized with port(s): 80 (http)
2019/06/16-17:11 [restartedMain]INFO  o.a.catalina.core.StandardService- Starting service [Tomcat]
2019/06/16-17:11 [restartedMain]INFO  o.a.catalina.core.StandardEngine- Starting Servlet engine: [Apache Tomcat/9.0.17]
2019/06/16-17:11 [restartedMain]INFO  o.a.c.c.C.[Tomcat].[localhost].[/]- Initializing Spring embedded WebApplicationContext
2019/06/16-17:11 [restartedMain]INFO  o.s.web.context.ContextLoader- Root WebApplicationContext: initialization completed in 460 ms
2019/06/16-17:11 [restartedMain]INFO  com.zaxxer.hikari.HikariDataSource- HikariPool-21 - Starting...
2019/06/16-17:11 [restartedMain]INFO  com.zaxxer.hikari.HikariDataSource- HikariPool-21 - Start completed.
2019/06/16-17:11 [restartedMain]INFO  o.s.s.c.ThreadPoolTaskExecutor- Initializing ExecutorService 'applicationTaskExecutor'
2019/06/16-17:11 [restartedMain]INFO  o.s.b.d.a.OptionalLiveReloadServer- LiveReload server is running on port 35729
2019/06/16-17:11 [restartedMain]INFO  o.s.b.w.e.tomcat.TomcatWebServer- Tomcat started on port(s): 80 (http) with context path ''
2019/06/16-17:11 [restartedMain]INFO  com.example.demo.Application- Started Application in 0.788 seconds (JVM running for 1751.098)
2019/06/16-17:11 [restartedMain]INFO  o.s.b.d.a.ConditionEvaluationDeltaLoggingListener- Condition evaluation unchanged
2019/06/16-17:11 [Thread-175]INFO  o.s.s.c.ThreadPoolTaskExecutor- Shutting down ExecutorService 'applicationTaskExecutor'
2019/06/16-17:11 [Thread-175]INFO  com.zaxxer.hikari.HikariDataSource- HikariPool-21 - Shutdown initiated...
2019/06/16-17:11 [Thread-175]INFO  com.zaxxer.hikari.HikariDataSource- HikariPool-21 - Shutdown completed.
2019/06/16-17:11 [restartedMain]INFO  com.example.demo.Application- Starting Application on DESKTOP-CF6I9O1 with PID 732 (D:\myProject\STSProject\com.person.mystudy\target\classes started by Admin in D:\myProject\STSProject\com.person.mystudy)
2019/06/16-17:11 [restartedMain]INFO  com.example.demo.Application- No active profile set, falling back to default profiles: default
2019/06/16-17:11 [restartedMain]INFO  o.s.b.w.e.tomcat.TomcatWebServer- Tomcat initialized with port(s): 80 (http)
2019/06/16-17:11 [restartedMain]INFO  o.a.catalina.core.StandardService- Starting service [Tomcat]
2019/06/16-17:11 [restartedMain]INFO  o.a.catalina.core.StandardEngine- Starting Servlet engine: [Apache Tomcat/9.0.17]
2019/06/16-17:11 [restartedMain]INFO  o.a.c.c.C.[Tomcat].[localhost].[/]- Initializing Spring embedded WebApplicationContext
2019/06/16-17:11 [restartedMain]INFO  o.s.web.context.ContextLoader- Root WebApplicationContext: initialization completed in 433 ms
2019/06/16-17:11 [restartedMain]INFO  com.zaxxer.hikari.HikariDataSource- HikariPool-22 - Starting...
2019/06/16-17:11 [restartedMain]INFO  com.zaxxer.hikari.HikariDataSource- HikariPool-22 - Start completed.
2019/06/16-17:11 [restartedMain]INFO  o.s.s.c.ThreadPoolTaskExecutor- Initializing ExecutorService 'applicationTaskExecutor'
2019/06/16-17:11 [restartedMain]INFO  o.s.b.d.a.OptionalLiveReloadServer- LiveReload server is running on port 35729
2019/06/16-17:11 [restartedMain]INFO  o.s.b.w.e.tomcat.TomcatWebServer- Tomcat started on port(s): 80 (http) with context path ''
2019/06/16-17:11 [restartedMain]INFO  com.example.demo.Application- Started Application in 0.82 seconds (JVM running for 1755.029)
2019/06/16-17:11 [restartedMain]INFO  o.s.b.d.a.ConditionEvaluationDeltaLoggingListener- Condition evaluation unchanged
2019/06/16-17:11 [http-nio-80-exec-1]INFO  o.a.c.c.C.[Tomcat].[localhost].[/]- Initializing Spring DispatcherServlet 'dispatcherServlet'
2019/06/16-17:11 [http-nio-80-exec-1]INFO  o.s.web.servlet.DispatcherServlet- Initializing Servlet 'dispatcherServlet'
2019/06/16-17:11 [http-nio-80-exec-1]INFO  o.s.web.servlet.DispatcherServlet- Completed initialization in 4 ms
2019/06/16-17:12 [Thread-183]INFO  o.s.s.c.ThreadPoolTaskExecutor- Shutting down ExecutorService 'applicationTaskExecutor'
2019/06/16-17:12 [Thread-183]INFO  com.zaxxer.hikari.HikariDataSource- HikariPool-22 - Shutdown initiated...
2019/06/16-17:12 [Thread-183]INFO  com.zaxxer.hikari.HikariDataSource- HikariPool-22 - Shutdown completed.
2019/06/16-17:12 [restartedMain]INFO  com.example.demo.Application- Starting Application on DESKTOP-CF6I9O1 with PID 732 (D:\myProject\STSProject\com.person.mystudy\target\classes started by Admin in D:\myProject\STSProject\com.person.mystudy)
2019/06/16-17:12 [restartedMain]INFO  com.example.demo.Application- No active profile set, falling back to default profiles: default
2019/06/16-17:12 [restartedMain]INFO  o.s.b.w.e.tomcat.TomcatWebServer- Tomcat initialized with port(s): 80 (http)
2019/06/16-17:12 [restartedMain]INFO  o.a.catalina.core.StandardService- Starting service [Tomcat]
2019/06/16-17:12 [restartedMain]INFO  o.a.catalina.core.StandardEngine- Starting Servlet engine: [Apache Tomcat/9.0.17]
2019/06/16-17:12 [restartedMain]INFO  o.a.c.c.C.[Tomcat].[localhost].[/]- Initializing Spring embedded WebApplicationContext
2019/06/16-17:12 [restartedMain]INFO  o.s.web.context.ContextLoader- Root WebApplicationContext: initialization completed in 494 ms
2019/06/16-17:12 [restartedMain]INFO  com.zaxxer.hikari.HikariDataSource- HikariPool-23 - Starting...
2019/06/16-17:12 [restartedMain]INFO  com.zaxxer.hikari.HikariDataSource- HikariPool-23 - Start completed.
2019/06/16-17:12 [restartedMain]INFO  o.s.s.c.ThreadPoolTaskExecutor- Initializing ExecutorService 'applicationTaskExecutor'
2019/06/16-17:12 [restartedMain]INFO  o.s.b.d.a.OptionalLiveReloadServer- LiveReload server is running on port 35729
2019/06/16-17:12 [restartedMain]INFO  o.s.b.w.e.tomcat.TomcatWebServer- Tomcat started on port(s): 80 (http) with context path ''
2019/06/16-17:12 [restartedMain]INFO  com.example.demo.Application- Started Application in 0.891 seconds (JVM running for 1814.615)
2019/06/16-17:12 [restartedMain]INFO  o.s.b.d.a.ConditionEvaluationDeltaLoggingListener- Condition evaluation unchanged
2019/06/16-17:12 [Thread-192]INFO  o.s.s.c.ThreadPoolTaskExecutor- Shutting down ExecutorService 'applicationTaskExecutor'
2019/06/16-17:12 [Thread-192]INFO  com.zaxxer.hikari.HikariDataSource- HikariPool-23 - Shutdown initiated...
2019/06/16-17:12 [Thread-192]INFO  com.zaxxer.hikari.HikariDataSource- HikariPool-23 - Shutdown completed.
2019/06/16-17:12 [restartedMain]INFO  com.example.demo.Application- Starting Application on DESKTOP-CF6I9O1 with PID 732 (D:\myProject\STSProject\com.person.mystudy\target\classes started by Admin in D:\myProject\STSProject\com.person.mystudy)
2019/06/16-17:12 [restartedMain]INFO  com.example.demo.Application- No active profile set, falling back to default profiles: default
2019/06/16-17:12 [restartedMain]INFO  o.s.b.w.e.tomcat.TomcatWebServer- Tomcat initialized with port(s): 80 (http)
2019/06/16-17:12 [restartedMain]INFO  o.a.catalina.core.StandardService- Starting service [Tomcat]
2019/06/16-17:12 [restartedMain]INFO  o.a.catalina.core.StandardEngine- Starting Servlet engine: [Apache Tomcat/9.0.17]
2019/06/16-17:12 [restartedMain]INFO  o.a.c.c.C.[Tomcat].[localhost].[/]- Initializing Spring embedded WebApplicationContext
2019/06/16-17:12 [restartedMain]INFO  o.s.web.context.ContextLoader- Root WebApplicationContext: initialization completed in 538 ms
2019/06/16-17:12 [restartedMain]INFO  com.zaxxer.hikari.HikariDataSource- HikariPool-24 - Starting...
2019/06/16-17:12 [restartedMain]INFO  com.zaxxer.hikari.HikariDataSource- HikariPool-24 - Start completed.
2019/06/16-17:12 [restartedMain]INFO  o.s.s.c.ThreadPoolTaskExecutor- Initializing ExecutorService 'applicationTaskExecutor'
2019/06/16-17:12 [restartedMain]INFO  o.s.b.d.a.OptionalLiveReloadServer- LiveReload server is running on port 35729
2019/06/16-17:12 [restartedMain]INFO  o.s.b.w.e.tomcat.TomcatWebServer- Tomcat started on port(s): 80 (http) with context path ''
2019/06/16-17:12 [restartedMain]INFO  com.example.demo.Application- Started Application in 0.869 seconds (JVM running for 1818.523)
2019/06/16-17:12 [restartedMain]INFO  o.s.b.d.a.ConditionEvaluationDeltaLoggingListener- Condition evaluation unchanged
2019/06/16-17:12 [Thread-200]INFO  o.s.s.c.ThreadPoolTaskExecutor- Shutting down ExecutorService 'applicationTaskExecutor'
2019/06/16-17:12 [Thread-200]INFO  com.zaxxer.hikari.HikariDataSource- HikariPool-24 - Shutdown initiated...
2019/06/16-17:12 [Thread-200]INFO  com.zaxxer.hikari.HikariDataSource- HikariPool-24 - Shutdown completed.
2019/06/16-17:12 [restartedMain]INFO  com.example.demo.Application- Starting Application on DESKTOP-CF6I9O1 with PID 732 (D:\myProject\STSProject\com.person.mystudy\target\classes started by Admin in D:\myProject\STSProject\com.person.mystudy)
2019/06/16-17:12 [restartedMain]INFO  com.example.demo.Application- No active profile set, falling back to default profiles: default
2019/06/16-17:12 [restartedMain]INFO  o.s.b.w.e.tomcat.TomcatWebServer- Tomcat initialized with port(s): 80 (http)
2019/06/16-17:12 [restartedMain]INFO  o.a.catalina.core.StandardService- Starting service [Tomcat]
2019/06/16-17:12 [restartedMain]INFO  o.a.catalina.core.StandardEngine- Starting Servlet engine: [Apache Tomcat/9.0.17]
2019/06/16-17:12 [restartedMain]INFO  o.a.c.c.C.[Tomcat].[localhost].[/]- Initializing Spring embedded WebApplicationContext
2019/06/16-17:12 [restartedMain]INFO  o.s.web.context.ContextLoader- Root WebApplicationContext: initialization completed in 464 ms
2019/06/16-17:12 [restartedMain]INFO  com.zaxxer.hikari.HikariDataSource- HikariPool-25 - Starting...
2019/06/16-17:12 [restartedMain]INFO  com.zaxxer.hikari.HikariDataSource- HikariPool-25 - Start completed.
2019/06/16-17:12 [restartedMain]INFO  o.s.s.c.ThreadPoolTaskExecutor- Initializing ExecutorService 'applicationTaskExecutor'
2019/06/16-17:12 [restartedMain]INFO  o.s.b.d.a.OptionalLiveReloadServer- LiveReload server is running on port 35729
2019/06/16-17:12 [restartedMain]INFO  o.s.b.w.e.tomcat.TomcatWebServer- Tomcat started on port(s): 80 (http) with context path ''
2019/06/16-17:12 [restartedMain]INFO  com.example.demo.Application- Started Application in 0.842 seconds (JVM running for 1827.729)
2019/06/16-17:12 [restartedMain]INFO  o.s.b.d.a.ConditionEvaluationDeltaLoggingListener- Condition evaluation unchanged
2019/06/16-17:12 [http-nio-80-exec-1]INFO  o.a.c.c.C.[Tomcat].[localhost].[/]- Initializing Spring DispatcherServlet 'dispatcherServlet'
2019/06/16-17:12 [http-nio-80-exec-1]INFO  o.s.web.servlet.DispatcherServlet- Initializing Servlet 'dispatcherServlet'
2019/06/16-17:12 [http-nio-80-exec-1]INFO  o.s.web.servlet.DispatcherServlet- Completed initialization in 5 ms
2019/06/16-17:14 [Thread-208]INFO  o.s.s.c.ThreadPoolTaskExecutor- Shutting down ExecutorService 'applicationTaskExecutor'
2019/06/16-17:14 [Thread-208]INFO  com.zaxxer.hikari.HikariDataSource- HikariPool-25 - Shutdown initiated...
2019/06/16-17:14 [Thread-208]INFO  com.zaxxer.hikari.HikariDataSource- HikariPool-25 - Shutdown completed.
2019/06/16-17:14 [restartedMain]INFO  com.example.demo.Application- Starting Application on DESKTOP-CF6I9O1 with PID 732 (D:\myProject\STSProject\com.person.mystudy\target\classes started by Admin in D:\myProject\STSProject\com.person.mystudy)
2019/06/16-17:14 [restartedMain]INFO  com.example.demo.Application- No active profile set, falling back to default profiles: default
2019/06/16-17:14 [restartedMain]INFO  o.s.b.w.e.tomcat.TomcatWebServer- Tomcat initialized with port(s): 80 (http)
2019/06/16-17:14 [restartedMain]INFO  o.a.catalina.core.StandardService- Starting service [Tomcat]
2019/06/16-17:14 [restartedMain]INFO  o.a.catalina.core.StandardEngine- Starting Servlet engine: [Apache Tomcat/9.0.17]
2019/06/16-17:14 [restartedMain]INFO  o.a.c.c.C.[Tomcat].[localhost].[/]- Initializing Spring embedded WebApplicationContext
2019/06/16-17:14 [restartedMain]INFO  o.s.web.context.ContextLoader- Root WebApplicationContext: initialization completed in 495 ms
2019/06/16-17:14 [restartedMain]INFO  com.zaxxer.hikari.HikariDataSource- HikariPool-26 - Starting...
2019/06/16-17:14 [restartedMain]INFO  com.zaxxer.hikari.HikariDataSource- HikariPool-26 - Start completed.
2019/06/16-17:14 [restartedMain]INFO  o.s.s.c.ThreadPoolTaskExecutor- Initializing ExecutorService 'applicationTaskExecutor'
2019/06/16-17:14 [restartedMain]INFO  o.s.b.d.a.OptionalLiveReloadServer- LiveReload server is running on port 35729
2019/06/16-17:14 [restartedMain]INFO  o.s.b.w.e.tomcat.TomcatWebServer- Tomcat started on port(s): 80 (http) with context path ''
2019/06/16-17:14 [restartedMain]INFO  com.example.demo.Application- Started Application in 0.826 seconds (JVM running for 1905.292)
2019/06/16-17:14 [restartedMain]INFO  o.s.b.d.a.ConditionEvaluationDeltaLoggingListener- Condition evaluation unchanged
2019/06/16-17:16 [Thread-217]INFO  o.s.s.c.ThreadPoolTaskExecutor- Shutting down ExecutorService 'applicationTaskExecutor'
2019/06/16-17:16 [Thread-217]INFO  com.zaxxer.hikari.HikariDataSource- HikariPool-26 - Shutdown initiated...
2019/06/16-17:16 [Thread-217]INFO  com.zaxxer.hikari.HikariDataSource- HikariPool-26 - Shutdown completed.
2019/06/16-17:16 [restartedMain]INFO  com.example.demo.Application- Starting Application on DESKTOP-CF6I9O1 with PID 732 (D:\myProject\STSProject\com.person.mystudy\target\classes started by Admin in D:\myProject\STSProject\com.person.mystudy)
2019/06/16-17:16 [restartedMain]INFO  com.example.demo.Application- No active profile set, falling back to default profiles: default
2019/06/16-17:16 [restartedMain]INFO  o.s.b.w.e.tomcat.TomcatWebServer- Tomcat initialized with port(s): 80 (http)
2019/06/16-17:16 [restartedMain]INFO  o.a.catalina.core.StandardService- Starting service [Tomcat]
2019/06/16-17:16 [restartedMain]INFO  o.a.catalina.core.StandardEngine- Starting Servlet engine: [Apache Tomcat/9.0.17]
2019/06/16-17:16 [restartedMain]INFO  o.a.c.c.C.[Tomcat].[localhost].[/]- Initializing Spring embedded WebApplicationContext
2019/06/16-17:16 [restartedMain]INFO  o.s.web.context.ContextLoader- Root WebApplicationContext: initialization completed in 573 ms
2019/06/16-17:16 [restartedMain]INFO  com.zaxxer.hikari.HikariDataSource- HikariPool-27 - Starting...
2019/06/16-17:16 [restartedMain]INFO  com.zaxxer.hikari.HikariDataSource- HikariPool-27 - Start completed.
2019/06/16-17:16 [restartedMain]INFO  o.s.s.c.ThreadPoolTaskExecutor- Initializing ExecutorService 'applicationTaskExecutor'
2019/06/16-17:16 [restartedMain]INFO  o.s.b.d.a.OptionalLiveReloadServer- LiveReload server is running on port 35729
2019/06/16-17:16 [restartedMain]INFO  o.s.b.w.e.tomcat.TomcatWebServer- Tomcat started on port(s): 80 (http) with context path ''
2019/06/16-17:16 [restartedMain]INFO  com.example.demo.Application- Started Application in 0.927 seconds (JVM running for 2056.087)
2019/06/16-17:16 [restartedMain]INFO  o.s.b.d.a.ConditionEvaluationDeltaLoggingListener- Condition evaluation unchanged
2019/06/16-17:16 [Thread-225]INFO  o.s.s.c.ThreadPoolTaskExecutor- Shutting down ExecutorService 'applicationTaskExecutor'
2019/06/16-17:16 [Thread-225]INFO  com.zaxxer.hikari.HikariDataSource- HikariPool-27 - Shutdown initiated...
2019/06/16-17:16 [Thread-225]INFO  com.zaxxer.hikari.HikariDataSource- HikariPool-27 - Shutdown completed.
2019/06/16-17:16 [restartedMain]INFO  com.example.demo.Application- Starting Application on DESKTOP-CF6I9O1 with PID 732 (D:\myProject\STSProject\com.person.mystudy\target\classes started by Admin in D:\myProject\STSProject\com.person.mystudy)
2019/06/16-17:16 [restartedMain]INFO  com.example.demo.Application- No active profile set, falling back to default profiles: default
2019/06/16-17:16 [restartedMain]INFO  o.s.b.w.e.tomcat.TomcatWebServer- Tomcat initialized with port(s): 80 (http)
2019/06/16-17:16 [restartedMain]INFO  o.a.catalina.core.StandardService- Starting service [Tomcat]
2019/06/16-17:16 [restartedMain]INFO  o.a.catalina.core.StandardEngine- Starting Servlet engine: [Apache Tomcat/9.0.17]
2019/06/16-17:16 [restartedMain]INFO  o.a.c.c.C.[Tomcat].[localhost].[/]- Initializing Spring embedded WebApplicationContext
2019/06/16-17:16 [restartedMain]INFO  o.s.web.context.ContextLoader- Root WebApplicationContext: initialization completed in 433 ms
2019/06/16-17:16 [restartedMain]INFO  com.zaxxer.hikari.HikariDataSource- HikariPool-28 - Starting...
2019/06/16-17:16 [restartedMain]INFO  com.zaxxer.hikari.HikariDataSource- HikariPool-28 - Start completed.
2019/06/16-17:16 [restartedMain]INFO  o.s.s.c.ThreadPoolTaskExecutor- Initializing ExecutorService 'applicationTaskExecutor'
2019/06/16-17:16 [restartedMain]INFO  o.s.b.d.a.OptionalLiveReloadServer- LiveReload server is running on port 35729
2019/06/16-17:16 [restartedMain]INFO  o.s.b.w.e.tomcat.TomcatWebServer- Tomcat started on port(s): 80 (http) with context path ''
2019/06/16-17:16 [restartedMain]INFO  com.example.demo.Application- Started Application in 0.828 seconds (JVM running for 2073.739)
2019/06/16-17:16 [restartedMain]INFO  o.s.b.d.a.ConditionEvaluationDeltaLoggingListener- Condition evaluation unchanged
2019/06/16-17:16 [Thread-233]INFO  o.s.s.c.ThreadPoolTaskExecutor- Shutting down ExecutorService 'applicationTaskExecutor'
2019/06/16-17:16 [Thread-233]INFO  com.zaxxer.hikari.HikariDataSource- HikariPool-28 - Shutdown initiated...
2019/06/16-17:16 [Thread-233]INFO  com.zaxxer.hikari.HikariDataSource- HikariPool-28 - Shutdown completed.
2019/06/16-17:16 [restartedMain]INFO  com.example.demo.Application- Starting Application on DESKTOP-CF6I9O1 with PID 732 (D:\myProject\STSProject\com.person.mystudy\target\classes started by Admin in D:\myProject\STSProject\com.person.mystudy)
2019/06/16-17:16 [restartedMain]INFO  com.example.demo.Application- No active profile set, falling back to default profiles: default
2019/06/16-17:16 [restartedMain]INFO  o.s.b.w.e.tomcat.TomcatWebServer- Tomcat initialized with port(s): 80 (http)
2019/06/16-17:16 [restartedMain]INFO  o.a.catalina.core.StandardService- Starting service [Tomcat]
2019/06/16-17:16 [restartedMain]INFO  o.a.catalina.core.StandardEngine- Starting Servlet engine: [Apache Tomcat/9.0.17]
2019/06/16-17:16 [restartedMain]INFO  o.a.c.c.C.[Tomcat].[localhost].[/]- Initializing Spring embedded WebApplicationContext
2019/06/16-17:16 [restartedMain]INFO  o.s.web.context.ContextLoader- Root WebApplicationContext: initialization completed in 400 ms
2019/06/16-17:16 [restartedMain]INFO  com.zaxxer.hikari.HikariDataSource- HikariPool-29 - Starting...
2019/06/16-17:16 [restartedMain]INFO  com.zaxxer.hikari.HikariDataSource- HikariPool-29 - Start completed.
2019/06/16-17:16 [restartedMain]INFO  o.s.s.c.ThreadPoolTaskExecutor- Initializing ExecutorService 'applicationTaskExecutor'
2019/06/16-17:16 [restartedMain]INFO  o.s.b.d.a.OptionalLiveReloadServer- LiveReload server is running on port 35729
2019/06/16-17:16 [restartedMain]INFO  o.s.b.w.e.tomcat.TomcatWebServer- Tomcat started on port(s): 80 (http) with context path ''
2019/06/16-17:16 [restartedMain]INFO  com.example.demo.Application- Started Application in 0.85 seconds (JVM running for 2081.008)
2019/06/16-17:16 [restartedMain]INFO  o.s.b.d.a.ConditionEvaluationDeltaLoggingListener- Condition evaluation unchanged
2019/06/16-17:17 [Thread-241]INFO  o.s.s.c.ThreadPoolTaskExecutor- Shutting down ExecutorService 'applicationTaskExecutor'
2019/06/16-17:17 [Thread-241]INFO  com.zaxxer.hikari.HikariDataSource- HikariPool-29 - Shutdown initiated...
2019/06/16-17:17 [Thread-241]INFO  com.zaxxer.hikari.HikariDataSource- HikariPool-29 - Shutdown completed.
2019/06/16-17:17 [restartedMain]INFO  com.example.demo.Application- Starting Application on DESKTOP-CF6I9O1 with PID 732 (D:\myProject\STSProject\com.person.mystudy\target\classes started by Admin in D:\myProject\STSProject\com.person.mystudy)
2019/06/16-17:17 [restartedMain]INFO  com.example.demo.Application- No active profile set, falling back to default profiles: default
2019/06/16-17:17 [restartedMain]INFO  o.s.b.w.e.tomcat.TomcatWebServer- Tomcat initialized with port(s): 80 (http)
2019/06/16-17:17 [restartedMain]INFO  o.a.catalina.core.StandardService- Starting service [Tomcat]
2019/06/16-17:17 [restartedMain]INFO  o.a.catalina.core.StandardEngine- Starting Servlet engine: [Apache Tomcat/9.0.17]
2019/06/16-17:17 [restartedMain]INFO  o.a.c.c.C.[Tomcat].[localhost].[/]- Initializing Spring embedded WebApplicationContext
2019/06/16-17:17 [restartedMain]INFO  o.s.web.context.ContextLoader- Root WebApplicationContext: initialization completed in 440 ms
2019/06/16-17:17 [restartedMain]INFO  com.zaxxer.hikari.HikariDataSource- HikariPool-30 - Starting...
2019/06/16-17:17 [restartedMain]INFO  com.zaxxer.hikari.HikariDataSource- HikariPool-30 - Start completed.
2019/06/16-17:17 [restartedMain]INFO  o.s.s.c.ThreadPoolTaskExecutor- Initializing ExecutorService 'applicationTaskExecutor'
2019/06/16-17:17 [restartedMain]INFO  o.s.b.d.a.OptionalLiveReloadServer- LiveReload server is running on port 35729
2019/06/16-17:17 [restartedMain]INFO  o.s.b.w.e.tomcat.TomcatWebServer- Tomcat started on port(s): 80 (http) with context path ''
2019/06/16-17:17 [restartedMain]INFO  com.example.demo.Application- Started Application in 0.795 seconds (JVM running for 2088.981)
2019/06/16-17:17 [restartedMain]INFO  o.s.b.d.a.ConditionEvaluationDeltaLoggingListener- Condition evaluation unchanged
2019/06/16-17:17 [http-nio-80-exec-2]INFO  o.a.c.c.C.[Tomcat].[localhost].[/]- Initializing Spring DispatcherServlet 'dispatcherServlet'
2019/06/16-17:17 [http-nio-80-exec-2]INFO  o.s.web.servlet.DispatcherServlet- Initializing Servlet 'dispatcherServlet'
2019/06/16-17:17 [http-nio-80-exec-2]INFO  o.s.web.servlet.DispatcherServlet- Completed initialization in 4 ms
2019/06/16-17:20 [Thread-249]INFO  o.s.s.c.ThreadPoolTaskExecutor- Shutting down ExecutorService 'applicationTaskExecutor'
2019/06/16-17:20 [Thread-249]INFO  com.zaxxer.hikari.HikariDataSource- HikariPool-30 - Shutdown initiated...
2019/06/16-17:20 [Thread-249]INFO  com.zaxxer.hikari.HikariDataSource- HikariPool-30 - Shutdown completed.
